{
  "0 debug pnpm:scope": {
    "selected": 1
  },
  "1 error pnpm": {
    "errno": 1,
    "code": "ELIFECYCLE",
    "pkgid": "react-adventure@0.0.1",
    "stage": "build",
    "script": "tsc",
    "pkgname": "react-adventure",
    "err": {
      "name": "pnpm",
      "message": "react-adventure@0.0.1 build: `tsc`\nExit status 1",
      "code": "ELIFECYCLE",
      "stack": "pnpm: react-adventure@0.0.1 build: `tsc`\nExit status 1\n    at EventEmitter.<anonymous> (C:\\Users\\DaanHeuvingh\\AppData\\Local\\Yarn\\Data\\global\\node_modules\\pnpm\\dist\\pnpm.cjs:108610:20)\n    at EventEmitter.emit (node:events:537:28)\n    at ChildProcess.<anonymous> (C:\\Users\\DaanHeuvingh\\AppData\\Local\\Yarn\\Data\\global\\node_modules\\pnpm\\dist\\pnpm.cjs:95176:18)\n    at ChildProcess.emit (node:events:537:28)\n    at maybeClose (node:internal/child_process:1091:16)\n    at ChildProcess._handle.onexit (node:internal/child_process:302:5)"
    }
  },
  "2 warn pnpm:global": " Local package.json exists, but node_modules missing, did you mean to install?"
}